2026-02-26 23:14:01,484 - src.jobs.sales_job - INFO - Último checkpoint para sales: 2026-02-27 04:09:05
2026-02-26 23:14:01,489 - src.pipelines.incremental - INFO - No se encontraron registros nuevos o modificados.
2026-02-26 23:14:01,489 - src.jobs.sales_job - INFO - Pipeline de ventas diarias ejecutado exitosamente. No se encontraron nuevos registros para procesar.
2026-03-10 20:24:30,561 - src.pipelines.sales_pipeline - INFO - Último checkpoint para sales: 1900-01-01 00:00:00
2026-03-10 20:24:30,577 - src.pipelines.incremental_pipeline - ERROR - Error crítico en el pipeline: 'price'
Traceback (most recent call last):
  File "/home/abel/Desktop/Abel/DATA ENGINEERING PROYECTS/python_etl/etl_project/env/lib/python3.11/site-packages/pandas/core/indexes/base.py", line 3641, in get_loc
    return self._engine.get_loc(casted_key)
           ^^^^^^^^^^^^^^^^^^^^^^^^^^^^^^^^
  File "pandas/_libs/index.pyx", line 168, in pandas._libs.index.IndexEngine.get_loc
  File "pandas/_libs/index.pyx", line 197, in pandas._libs.index.IndexEngine.get_loc
  File "pandas/_libs/hashtable_class_helper.pxi", line 7668, in pandas._libs.hashtable.PyObjectHashTable.get_item
  File "pandas/_libs/hashtable_class_helper.pxi", line 7676, in pandas._libs.hashtable.PyObjectHashTable.get_item
KeyError: 'price'

The above exception was the direct cause of the following exception:

Traceback (most recent call last):
  File "/home/abel/Desktop/Abel/DATA ENGINEERING PROYECTS/python_etl/etl_project/src/pipelines/incremental_pipeline.py", line 25, in run
    df = self.transformer.transform(df)
         ^^^^^^^^^^^^^^^^^^^^^^^^^^^^^^
  File "/home/abel/Desktop/Abel/DATA ENGINEERING PROYECTS/python_etl/etl_project/src/transform/ventas_transformer.py", line 26, in transform
    df["total_amount"] = df["quantity"] * df["price"]
                                          ~~^^^^^^^^^
  File "/home/abel/Desktop/Abel/DATA ENGINEERING PROYECTS/python_etl/etl_project/env/lib/python3.11/site-packages/pandas/core/frame.py", line 4378, in __getitem__
    indexer = self.columns.get_loc(key)
              ^^^^^^^^^^^^^^^^^^^^^^^^^
  File "/home/abel/Desktop/Abel/DATA ENGINEERING PROYECTS/python_etl/etl_project/env/lib/python3.11/site-packages/pandas/core/indexes/base.py", line 3648, in get_loc
    raise KeyError(key) from err
KeyError: 'price'
2026-03-10 20:24:30,583 - src.pipelines.sales_pipeline - ERROR - Pipeline de ventas diarias falló
Traceback (most recent call last):
  File "/home/abel/Desktop/Abel/DATA ENGINEERING PROYECTS/python_etl/etl_project/env/lib/python3.11/site-packages/pandas/core/indexes/base.py", line 3641, in get_loc
    return self._engine.get_loc(casted_key)
           ^^^^^^^^^^^^^^^^^^^^^^^^^^^^^^^^
  File "pandas/_libs/index.pyx", line 168, in pandas._libs.index.IndexEngine.get_loc
  File "pandas/_libs/index.pyx", line 197, in pandas._libs.index.IndexEngine.get_loc
  File "pandas/_libs/hashtable_class_helper.pxi", line 7668, in pandas._libs.hashtable.PyObjectHashTable.get_item
  File "pandas/_libs/hashtable_class_helper.pxi", line 7676, in pandas._libs.hashtable.PyObjectHashTable.get_item
KeyError: 'price'

The above exception was the direct cause of the following exception:

Traceback (most recent call last):
  File "/home/abel/Desktop/Abel/DATA ENGINEERING PROYECTS/python_etl/etl_project/src/pipelines/sales_pipeline.py", line 50, in run_daily_sales_pipeline
    processed_df = pipeline.run()
                   ^^^^^^^^^^^^^^
  File "/home/abel/Desktop/Abel/DATA ENGINEERING PROYECTS/python_etl/etl_project/src/pipelines/incremental_pipeline.py", line 25, in run
    df = self.transformer.transform(df)
         ^^^^^^^^^^^^^^^^^^^^^^^^^^^^^^
  File "/home/abel/Desktop/Abel/DATA ENGINEERING PROYECTS/python_etl/etl_project/src/transform/ventas_transformer.py", line 26, in transform
    df["total_amount"] = df["quantity"] * df["price"]
                                          ~~^^^^^^^^^
  File "/home/abel/Desktop/Abel/DATA ENGINEERING PROYECTS/python_etl/etl_project/env/lib/python3.11/site-packages/pandas/core/frame.py", line 4378, in __getitem__
    indexer = self.columns.get_loc(key)
              ^^^^^^^^^^^^^^^^^^^^^^^^^
  File "/home/abel/Desktop/Abel/DATA ENGINEERING PROYECTS/python_etl/etl_project/env/lib/python3.11/site-packages/pandas/core/indexes/base.py", line 3648, in get_loc
    raise KeyError(key) from err
KeyError: 'price'
2026-03-10 20:27:36,147 - src.pipelines.sales_pipeline - INFO - Último checkpoint para sales: 1900-01-01 00:00:00
2026-03-10 20:27:36,156 - src.load.postgres_loader - INFO - Insertando 8 registros en dw.fact_sales
2026-03-10 20:27:36,169 - src.pipelines.incremental_pipeline - ERROR - Error crítico en el pipeline: column "created_at" of relation "fact_sales" does not exist
LINE 1: ... total_amount, payment_method, status, sale_date, created_at...
                                                             ^
Traceback (most recent call last):
  File "/home/abel/Desktop/Abel/DATA ENGINEERING PROYECTS/python_etl/etl_project/src/pipelines/incremental_pipeline.py", line 27, in run
    self.loader.load(df)
  File "/home/abel/Desktop/Abel/DATA ENGINEERING PROYECTS/python_etl/etl_project/src/load/postgres_loader.py", line 42, in load
    execute_values(cur, self.insert_sql, values)
  File "/home/abel/Desktop/Abel/DATA ENGINEERING PROYECTS/python_etl/etl_project/env/lib/python3.11/site-packages/psycopg2/extras.py", line 1299, in execute_values
    cur.execute(b''.join(parts))
psycopg2.errors.UndefinedColumn: column "created_at" of relation "fact_sales" does not exist
LINE 1: ... total_amount, payment_method, status, sale_date, created_at...
                                                             ^

2026-03-10 20:27:36,171 - src.pipelines.sales_pipeline - ERROR - Pipeline de ventas diarias falló
Traceback (most recent call last):
  File "/home/abel/Desktop/Abel/DATA ENGINEERING PROYECTS/python_etl/etl_project/src/pipelines/sales_pipeline.py", line 50, in run_daily_sales_pipeline
    processed_df = pipeline.run()
                   ^^^^^^^^^^^^^^
  File "/home/abel/Desktop/Abel/DATA ENGINEERING PROYECTS/python_etl/etl_project/src/pipelines/incremental_pipeline.py", line 27, in run
    self.loader.load(df)
  File "/home/abel/Desktop/Abel/DATA ENGINEERING PROYECTS/python_etl/etl_project/src/load/postgres_loader.py", line 42, in load
    execute_values(cur, self.insert_sql, values)
  File "/home/abel/Desktop/Abel/DATA ENGINEERING PROYECTS/python_etl/etl_project/env/lib/python3.11/site-packages/psycopg2/extras.py", line 1299, in execute_values
    cur.execute(b''.join(parts))
psycopg2.errors.UndefinedColumn: column "created_at" of relation "fact_sales" does not exist
LINE 1: ... total_amount, payment_method, status, sale_date, created_at...
                                                             ^

2026-03-10 20:36:43,710 - src.pipelines.sales_pipeline - INFO - Último checkpoint para sales: 1900-01-01 00:00:00
2026-03-10 20:36:43,719 - src.load.postgres_loader - INFO - Insertando 8 registros en dw.fact_sales
2026-03-10 20:36:43,731 - src.pipelines.incremental_pipeline - ERROR - Error crítico en el pipeline: insert or update on table "fact_sales" violates foreign key constraint "fact_sales_product_id_fkey"
DETAIL:  Key (product_id)=(1) is not present in table "dim_products".
Traceback (most recent call last):
  File "/home/abel/Desktop/Abel/DATA ENGINEERING PROYECTS/python_etl/etl_project/src/pipelines/incremental_pipeline.py", line 27, in run
    self.loader.load(df)
  File "/home/abel/Desktop/Abel/DATA ENGINEERING PROYECTS/python_etl/etl_project/src/load/postgres_loader.py", line 42, in load
    execute_values(cur, self.insert_sql, values)
  File "/home/abel/Desktop/Abel/DATA ENGINEERING PROYECTS/python_etl/etl_project/env/lib/python3.11/site-packages/psycopg2/extras.py", line 1299, in execute_values
    cur.execute(b''.join(parts))
psycopg2.errors.ForeignKeyViolation: insert or update on table "fact_sales" violates foreign key constraint "fact_sales_product_id_fkey"
DETAIL:  Key (product_id)=(1) is not present in table "dim_products".

2026-03-10 20:36:43,732 - src.pipelines.sales_pipeline - ERROR - Pipeline de ventas diarias falló
Traceback (most recent call last):
  File "/home/abel/Desktop/Abel/DATA ENGINEERING PROYECTS/python_etl/etl_project/src/pipelines/sales_pipeline.py", line 50, in run_daily_sales_pipeline
    processed_df = pipeline.run()
                   ^^^^^^^^^^^^^^
  File "/home/abel/Desktop/Abel/DATA ENGINEERING PROYECTS/python_etl/etl_project/src/pipelines/incremental_pipeline.py", line 27, in run
    self.loader.load(df)
  File "/home/abel/Desktop/Abel/DATA ENGINEERING PROYECTS/python_etl/etl_project/src/load/postgres_loader.py", line 42, in load
    execute_values(cur, self.insert_sql, values)
  File "/home/abel/Desktop/Abel/DATA ENGINEERING PROYECTS/python_etl/etl_project/env/lib/python3.11/site-packages/psycopg2/extras.py", line 1299, in execute_values
    cur.execute(b''.join(parts))
psycopg2.errors.ForeignKeyViolation: insert or update on table "fact_sales" violates foreign key constraint "fact_sales_product_id_fkey"
DETAIL:  Key (product_id)=(1) is not present in table "dim_products".

2026-03-10 20:44:57,098 - src.pipelines.sales_pipeline - INFO - Último checkpoint para sales: 1900-01-01 00:00:00
2026-03-10 20:44:57,112 - src.load.postgres_loader - INFO - Insertando 8 registros en dw.fact_sales
2026-03-10 20:44:57,126 - src.load.postgres_loader - INFO - Inserción completada correctamente
2026-03-10 20:44:57,136 - src.metadata.metadata_manager - INFO - Checkpoint actualizado para sales: 2026-03-11 01:43:54
2026-03-10 20:44:57,136 - src.pipelines.sales_pipeline - INFO - Pipeline de ventas diarias ejecutado exitosamente. Checkpoint actualizado a 2026-03-11 01:43:54
2026-03-11 20:08:43,514 - src.pipelines.sales_pipeline - INFO - Último checkpoint para sales: 2026-03-11 01:43:54
2026-03-11 20:08:43,526 - src.pipelines.incremental_pipeline - INFO - No se encontraron registros nuevos o modificados.
2026-03-11 20:08:43,526 - src.pipelines.sales_pipeline - INFO - Pipeline de ventas diarias ejecutado exitosamente. No se encontraron nuevos registros para procesar.
2026-03-11 20:08:43,534 - src.pipelines.products_pipeline - INFO - Último checkpoint para products: 1900-01-01 00:00:00
2026-03-11 20:08:43,549 - src.load.postgres_loader - INFO - Insertando 8 registros en dw.dim_products
2026-03-11 20:08:43,562 - src.pipelines.incremental_pipeline - ERROR - Error crítico en el pipeline: column "supplier_id" of relation "dim_products" does not exist
LINE 1: ...oduct_id, product_name, category_name, unit_cost, supplier_i...
                                                             ^
Traceback (most recent call last):
  File "/home/abel/Desktop/Abel/DATA ENGINEERING PROYECTS/python_etl/etl_project/src/pipelines/incremental_pipeline.py", line 27, in run
    self.loader.load(df)
  File "/home/abel/Desktop/Abel/DATA ENGINEERING PROYECTS/python_etl/etl_project/src/load/postgres_loader.py", line 45, in load
    execute_values(cur, self.insert_sql, values)
  File "/home/abel/Desktop/Abel/DATA ENGINEERING PROYECTS/python_etl/etl_project/env/lib/python3.11/site-packages/psycopg2/extras.py", line 1299, in execute_values
    cur.execute(b''.join(parts))
psycopg2.errors.UndefinedColumn: column "supplier_id" of relation "dim_products" does not exist
LINE 1: ...oduct_id, product_name, category_name, unit_cost, supplier_i...
                                                             ^

2026-03-11 20:08:43,564 - src.pipelines.products_pipeline - ERROR - Pipeline de productos falló
Traceback (most recent call last):
  File "/home/abel/Desktop/Abel/DATA ENGINEERING PROYECTS/python_etl/etl_project/src/pipelines/products_pipeline.py", line 48, in products_pipeline
    processed_df = pipeline.run()
                   ^^^^^^^^^^^^^^
  File "/home/abel/Desktop/Abel/DATA ENGINEERING PROYECTS/python_etl/etl_project/src/pipelines/incremental_pipeline.py", line 27, in run
    self.loader.load(df)
  File "/home/abel/Desktop/Abel/DATA ENGINEERING PROYECTS/python_etl/etl_project/src/load/postgres_loader.py", line 45, in load
    execute_values(cur, self.insert_sql, values)
  File "/home/abel/Desktop/Abel/DATA ENGINEERING PROYECTS/python_etl/etl_project/env/lib/python3.11/site-packages/psycopg2/extras.py", line 1299, in execute_values
    cur.execute(b''.join(parts))
psycopg2.errors.UndefinedColumn: column "supplier_id" of relation "dim_products" does not exist
LINE 1: ...oduct_id, product_name, category_name, unit_cost, supplier_i...
                                                             ^

2026-03-11 20:11:05,264 - src.pipelines.sales_pipeline - INFO - Último checkpoint para sales: 2026-03-11 01:43:54
2026-03-11 20:11:05,269 - src.pipelines.incremental_pipeline - INFO - No se encontraron registros nuevos o modificados.
2026-03-11 20:11:05,269 - src.pipelines.sales_pipeline - INFO - Pipeline de ventas diarias ejecutado exitosamente. No se encontraron nuevos registros para procesar.
2026-03-11 20:11:05,277 - src.pipelines.products_pipeline - INFO - Último checkpoint para products: 1900-01-01 00:00:00
2026-03-11 20:11:05,283 - src.load.postgres_loader - INFO - Insertando 8 registros en dw.dim_products
2026-03-11 20:11:05,292 - src.pipelines.incremental_pipeline - ERROR - Error crítico en el pipeline: column "is_active" is of type boolean but expression is of type integer
LINE 1: ...ALUES (1,'Laptop Pro 14','Electronics',900.0,90.0,1,'2026-03...
                                                             ^
HINT:  You will need to rewrite or cast the expression.
Traceback (most recent call last):
  File "/home/abel/Desktop/Abel/DATA ENGINEERING PROYECTS/python_etl/etl_project/src/pipelines/incremental_pipeline.py", line 27, in run
    self.loader.load(df)
  File "/home/abel/Desktop/Abel/DATA ENGINEERING PROYECTS/python_etl/etl_project/src/load/postgres_loader.py", line 45, in load
    execute_values(cur, self.insert_sql, values)
  File "/home/abel/Desktop/Abel/DATA ENGINEERING PROYECTS/python_etl/etl_project/env/lib/python3.11/site-packages/psycopg2/extras.py", line 1299, in execute_values
    cur.execute(b''.join(parts))
psycopg2.errors.DatatypeMismatch: column "is_active" is of type boolean but expression is of type integer
LINE 1: ...ALUES (1,'Laptop Pro 14','Electronics',900.0,90.0,1,'2026-03...
                                                             ^
HINT:  You will need to rewrite or cast the expression.

2026-03-11 20:11:05,293 - src.pipelines.products_pipeline - ERROR - Pipeline de productos falló
Traceback (most recent call last):
  File "/home/abel/Desktop/Abel/DATA ENGINEERING PROYECTS/python_etl/etl_project/src/pipelines/products_pipeline.py", line 48, in products_pipeline
    processed_df = pipeline.run()
                   ^^^^^^^^^^^^^^
  File "/home/abel/Desktop/Abel/DATA ENGINEERING PROYECTS/python_etl/etl_project/src/pipelines/incremental_pipeline.py", line 27, in run
    self.loader.load(df)
  File "/home/abel/Desktop/Abel/DATA ENGINEERING PROYECTS/python_etl/etl_project/src/load/postgres_loader.py", line 45, in load
    execute_values(cur, self.insert_sql, values)
  File "/home/abel/Desktop/Abel/DATA ENGINEERING PROYECTS/python_etl/etl_project/env/lib/python3.11/site-packages/psycopg2/extras.py", line 1299, in execute_values
    cur.execute(b''.join(parts))
psycopg2.errors.DatatypeMismatch: column "is_active" is of type boolean but expression is of type integer
LINE 1: ...ALUES (1,'Laptop Pro 14','Electronics',900.0,90.0,1,'2026-03...
                                                             ^
HINT:  You will need to rewrite or cast the expression.

2026-03-11 20:17:02,566 - src.pipelines.sales_pipeline - INFO - Último checkpoint para sales: 2026-03-11 01:43:54
2026-03-11 20:17:02,570 - src.pipelines.incremental_pipeline - INFO - No se encontraron registros nuevos o modificados.
2026-03-11 20:17:02,571 - src.pipelines.sales_pipeline - INFO - Pipeline de ventas diarias ejecutado exitosamente. No se encontraron nuevos registros para procesar.
2026-03-11 20:17:02,579 - src.pipelines.products_pipeline - INFO - Último checkpoint para products: 1900-01-01 00:00:00
2026-03-11 20:17:02,585 - src.load.postgres_loader - INFO - Insertando 8 registros en dw.dim_products
2026-03-11 20:17:02,596 - src.load.postgres_loader - INFO - Inserción completada correctamente
2026-03-11 20:17:02,596 - src.pipelines.products_pipeline - ERROR - Pipeline de productos falló
Traceback (most recent call last):
  File "/home/abel/Desktop/Abel/DATA ENGINEERING PROYECTS/python_etl/etl_project/env/lib/python3.11/site-packages/pandas/core/indexes/base.py", line 3641, in get_loc
    return self._engine.get_loc(casted_key)
           ^^^^^^^^^^^^^^^^^^^^^^^^^^^^^^^^
  File "pandas/_libs/index.pyx", line 168, in pandas._libs.index.IndexEngine.get_loc
  File "pandas/_libs/index.pyx", line 197, in pandas._libs.index.IndexEngine.get_loc
  File "pandas/_libs/hashtable_class_helper.pxi", line 7668, in pandas._libs.hashtable.PyObjectHashTable.get_item
  File "pandas/_libs/hashtable_class_helper.pxi", line 7676, in pandas._libs.hashtable.PyObjectHashTable.get_item
KeyError: 'created_at'

The above exception was the direct cause of the following exception:

Traceback (most recent call last):
  File "/home/abel/Desktop/Abel/DATA ENGINEERING PROYECTS/python_etl/etl_project/src/pipelines/products_pipeline.py", line 52, in products_pipeline
    new_checkpoint = processed_df[incremental_col].max()
                     ~~~~~~~~~~~~^^^^^^^^^^^^^^^^^
  File "/home/abel/Desktop/Abel/DATA ENGINEERING PROYECTS/python_etl/etl_project/env/lib/python3.11/site-packages/pandas/core/frame.py", line 4378, in __getitem__
    indexer = self.columns.get_loc(key)
              ^^^^^^^^^^^^^^^^^^^^^^^^^
  File "/home/abel/Desktop/Abel/DATA ENGINEERING PROYECTS/python_etl/etl_project/env/lib/python3.11/site-packages/pandas/core/indexes/base.py", line 3648, in get_loc
    raise KeyError(key) from err
KeyError: 'created_at'
2026-03-11 20:19:52,064 - src.pipelines.sales_pipeline - INFO - Último checkpoint para sales: 2026-03-11 01:43:54
2026-03-11 20:19:52,069 - src.pipelines.incremental_pipeline - INFO - No se encontraron registros nuevos o modificados.
2026-03-11 20:19:52,069 - src.pipelines.sales_pipeline - INFO - Pipeline de ventas diarias ejecutado exitosamente. No se encontraron nuevos registros para procesar.
2026-03-11 20:19:52,078 - src.pipelines.products_pipeline - INFO - Último checkpoint para products: 1900-01-01 00:00:00
2026-03-11 20:19:52,084 - src.load.postgres_loader - INFO - Insertando 8 registros en dw.dim_products
2026-03-11 20:19:52,094 - src.pipelines.incremental_pipeline - ERROR - Error crítico en el pipeline: duplicate key value violates unique constraint "dim_products_pkey"
DETAIL:  Key (product_id)=(1) already exists.
Traceback (most recent call last):
  File "/home/abel/Desktop/Abel/DATA ENGINEERING PROYECTS/python_etl/etl_project/src/pipelines/incremental_pipeline.py", line 27, in run
    self.loader.load(df)
  File "/home/abel/Desktop/Abel/DATA ENGINEERING PROYECTS/python_etl/etl_project/src/load/postgres_loader.py", line 45, in load
    execute_values(cur, self.insert_sql, values)
  File "/home/abel/Desktop/Abel/DATA ENGINEERING PROYECTS/python_etl/etl_project/env/lib/python3.11/site-packages/psycopg2/extras.py", line 1299, in execute_values
    cur.execute(b''.join(parts))
psycopg2.errors.UniqueViolation: duplicate key value violates unique constraint "dim_products_pkey"
DETAIL:  Key (product_id)=(1) already exists.

2026-03-11 20:19:52,095 - src.pipelines.products_pipeline - ERROR - Pipeline de productos falló
Traceback (most recent call last):
  File "/home/abel/Desktop/Abel/DATA ENGINEERING PROYECTS/python_etl/etl_project/src/pipelines/products_pipeline.py", line 48, in products_pipeline
    processed_df = pipeline.run()
                   ^^^^^^^^^^^^^^
  File "/home/abel/Desktop/Abel/DATA ENGINEERING PROYECTS/python_etl/etl_project/src/pipelines/incremental_pipeline.py", line 27, in run
    self.loader.load(df)
  File "/home/abel/Desktop/Abel/DATA ENGINEERING PROYECTS/python_etl/etl_project/src/load/postgres_loader.py", line 45, in load
    execute_values(cur, self.insert_sql, values)
  File "/home/abel/Desktop/Abel/DATA ENGINEERING PROYECTS/python_etl/etl_project/env/lib/python3.11/site-packages/psycopg2/extras.py", line 1299, in execute_values
    cur.execute(b''.join(parts))
psycopg2.errors.UniqueViolation: duplicate key value violates unique constraint "dim_products_pkey"
DETAIL:  Key (product_id)=(1) already exists.

2026-03-11 20:50:53,512 - src.pipelines.sales_pipeline - INFO - Último checkpoint para sales: 2026-03-11 01:43:54
2026-03-11 20:50:53,516 - src.pipelines.incremental_pipeline - INFO - No se encontraron registros nuevos o modificados.
2026-03-11 20:50:53,516 - src.pipelines.sales_pipeline - INFO - Pipeline de ventas diarias ejecutado exitosamente. No se encontraron nuevos registros para procesar.
2026-03-11 20:50:53,525 - src.pipelines.products_pipeline - INFO - Último checkpoint para products: 1900-01-01 00:00:00
2026-03-11 20:51:16,520 - src.pipelines.sales_pipeline - INFO - Último checkpoint para sales: 2026-03-11 01:43:54
2026-03-11 20:51:16,525 - src.pipelines.incremental_pipeline - INFO - No se encontraron registros nuevos o modificados.
2026-03-11 20:51:16,525 - src.pipelines.sales_pipeline - INFO - Pipeline de ventas diarias ejecutado exitosamente. No se encontraron nuevos registros para procesar.
2026-03-11 20:51:16,533 - src.pipelines.products_pipeline - INFO - Último checkpoint para products: 1900-01-01 00:00:00
2026-03-11 20:51:16,540 - src.load.postgres_loader - INFO - Insertando 8 registros en dw.dim_products
2026-03-11 20:51:16,541 - src.pipelines.incremental_pipeline - ERROR - Error crítico en el pipeline: 'PostgresLoader' object has no attribute 'incremental_col'
Traceback (most recent call last):
  File "/home/abel/Desktop/Abel/DATA ENGINEERING PROYECTS/python_etl/etl_project/src/pipelines/incremental_pipeline.py", line 27, in run
    self.loader.load(df)
  File "/home/abel/Desktop/Abel/DATA ENGINEERING PROYECTS/python_etl/etl_project/src/load/postgres_loader.py", line 34, in load
    delete_sql = f"DELETE FROM {self.full_table_path} WHERE {self.incremental_col} > %s"
                                                             ^^^^^^^^^^^^^^^^^^^^
AttributeError: 'PostgresLoader' object has no attribute 'incremental_col'
2026-03-11 20:51:16,542 - src.pipelines.products_pipeline - ERROR - Pipeline de productos falló
Traceback (most recent call last):
  File "/home/abel/Desktop/Abel/DATA ENGINEERING PROYECTS/python_etl/etl_project/src/pipelines/products_pipeline.py", line 49, in products_pipeline
    processed_df = pipeline.run()
                   ^^^^^^^^^^^^^^
  File "/home/abel/Desktop/Abel/DATA ENGINEERING PROYECTS/python_etl/etl_project/src/pipelines/incremental_pipeline.py", line 27, in run
    self.loader.load(df)
  File "/home/abel/Desktop/Abel/DATA ENGINEERING PROYECTS/python_etl/etl_project/src/load/postgres_loader.py", line 34, in load
    delete_sql = f"DELETE FROM {self.full_table_path} WHERE {self.incremental_col} > %s"
                                                             ^^^^^^^^^^^^^^^^^^^^
AttributeError: 'PostgresLoader' object has no attribute 'incremental_col'
2026-03-11 20:52:37,001 - src.pipelines.sales_pipeline - INFO - Último checkpoint para sales: 2026-03-11 01:43:54
2026-03-11 20:52:37,005 - src.pipelines.incremental_pipeline - INFO - No se encontraron registros nuevos o modificados.
2026-03-11 20:52:37,005 - src.pipelines.sales_pipeline - INFO - Pipeline de ventas diarias ejecutado exitosamente. No se encontraron nuevos registros para procesar.
2026-03-11 20:52:37,014 - src.pipelines.products_pipeline - INFO - Último checkpoint para products: 1900-01-01 00:00:00
2026-03-11 20:52:37,021 - src.load.postgres_loader - INFO - Insertando 8 registros en dw.dim_products
2026-03-11 20:52:37,033 - src.pipelines.incremental_pipeline - ERROR - Error crítico en el pipeline: duplicate key value violates unique constraint "dim_products_pkey"
DETAIL:  Key (product_id)=(1) already exists.
Traceback (most recent call last):
  File "/home/abel/Desktop/Abel/DATA ENGINEERING PROYECTS/python_etl/etl_project/src/pipelines/incremental_pipeline.py", line 27, in run
    self.loader.load(df)
  File "/home/abel/Desktop/Abel/DATA ENGINEERING PROYECTS/python_etl/etl_project/src/load/postgres_loader.py", line 51, in load
    execute_values(cur, self.insert_sql, values)
  File "/home/abel/Desktop/Abel/DATA ENGINEERING PROYECTS/python_etl/etl_project/env/lib/python3.11/site-packages/psycopg2/extras.py", line 1299, in execute_values
    cur.execute(b''.join(parts))
psycopg2.errors.UniqueViolation: duplicate key value violates unique constraint "dim_products_pkey"
DETAIL:  Key (product_id)=(1) already exists.

2026-03-11 20:52:37,034 - src.pipelines.products_pipeline - ERROR - Pipeline de productos falló
Traceback (most recent call last):
  File "/home/abel/Desktop/Abel/DATA ENGINEERING PROYECTS/python_etl/etl_project/src/pipelines/products_pipeline.py", line 50, in products_pipeline
    processed_df = pipeline.run()
                   ^^^^^^^^^^^^^^
  File "/home/abel/Desktop/Abel/DATA ENGINEERING PROYECTS/python_etl/etl_project/src/pipelines/incremental_pipeline.py", line 27, in run
    self.loader.load(df)
  File "/home/abel/Desktop/Abel/DATA ENGINEERING PROYECTS/python_etl/etl_project/src/load/postgres_loader.py", line 51, in load
    execute_values(cur, self.insert_sql, values)
  File "/home/abel/Desktop/Abel/DATA ENGINEERING PROYECTS/python_etl/etl_project/env/lib/python3.11/site-packages/psycopg2/extras.py", line 1299, in execute_values
    cur.execute(b''.join(parts))
psycopg2.errors.UniqueViolation: duplicate key value violates unique constraint "dim_products_pkey"
DETAIL:  Key (product_id)=(1) already exists.

2026-03-11 20:58:05,456 - src.pipelines.sales_pipeline - INFO - Último checkpoint para sales: 2026-03-11 01:43:54
2026-03-11 20:58:05,460 - src.pipelines.incremental_pipeline - INFO - No se encontraron registros nuevos o modificados.
2026-03-11 20:58:05,460 - src.pipelines.sales_pipeline - INFO - Pipeline de ventas diarias ejecutado exitosamente. No se encontraron nuevos registros para procesar.
2026-03-11 20:58:05,468 - src.pipelines.products_pipeline - INFO - Último checkpoint para products: 1900-01-01 00:00:00
2026-03-11 20:58:05,474 - src.load.postgres_loader - INFO - Insertando 8 registros en dw.dim_products
2026-03-11 20:58:05,484 - src.pipelines.incremental_pipeline - ERROR - Error crítico en el pipeline: duplicate key value violates unique constraint "dim_products_pkey"
DETAIL:  Key (product_id)=(1) already exists.
Traceback (most recent call last):
  File "/home/abel/Desktop/Abel/DATA ENGINEERING PROYECTS/python_etl/etl_project/src/pipelines/incremental_pipeline.py", line 27, in run
    self.loader.load(df)
  File "/home/abel/Desktop/Abel/DATA ENGINEERING PROYECTS/python_etl/etl_project/src/load/postgres_loader.py", line 55, in load
    execute_values(cur, self.insert_sql, values)
  File "/home/abel/Desktop/Abel/DATA ENGINEERING PROYECTS/python_etl/etl_project/env/lib/python3.11/site-packages/psycopg2/extras.py", line 1299, in execute_values
    cur.execute(b''.join(parts))
psycopg2.errors.UniqueViolation: duplicate key value violates unique constraint "dim_products_pkey"
DETAIL:  Key (product_id)=(1) already exists.

2026-03-11 20:58:05,485 - src.pipelines.products_pipeline - ERROR - Pipeline de productos falló
Traceback (most recent call last):
  File "/home/abel/Desktop/Abel/DATA ENGINEERING PROYECTS/python_etl/etl_project/src/pipelines/products_pipeline.py", line 50, in products_pipeline
    processed_df = pipeline.run()
                   ^^^^^^^^^^^^^^
  File "/home/abel/Desktop/Abel/DATA ENGINEERING PROYECTS/python_etl/etl_project/src/pipelines/incremental_pipeline.py", line 27, in run
    self.loader.load(df)
  File "/home/abel/Desktop/Abel/DATA ENGINEERING PROYECTS/python_etl/etl_project/src/load/postgres_loader.py", line 55, in load
    execute_values(cur, self.insert_sql, values)
  File "/home/abel/Desktop/Abel/DATA ENGINEERING PROYECTS/python_etl/etl_project/env/lib/python3.11/site-packages/psycopg2/extras.py", line 1299, in execute_values
    cur.execute(b''.join(parts))
psycopg2.errors.UniqueViolation: duplicate key value violates unique constraint "dim_products_pkey"
DETAIL:  Key (product_id)=(1) already exists.

2026-03-11 20:59:41,088 - src.pipelines.sales_pipeline - INFO - Último checkpoint para sales: 2026-03-11 01:43:54
2026-03-11 20:59:41,093 - src.pipelines.incremental_pipeline - INFO - No se encontraron registros nuevos o modificados.
2026-03-11 20:59:41,094 - src.pipelines.sales_pipeline - INFO - Pipeline de ventas diarias ejecutado exitosamente. No se encontraron nuevos registros para procesar.
2026-03-11 20:59:41,102 - src.pipelines.products_pipeline - INFO - Último checkpoint para products: 1900-01-01 00:00:00
2026-03-11 20:59:41,110 - src.load.postgres_loader - INFO - Insertando 8 registros en dw.dim_products
2026-03-11 20:59:41,121 - src.pipelines.incremental_pipeline - ERROR - Error crítico en el pipeline: duplicate key value violates unique constraint "dim_products_pkey"
DETAIL:  Key (product_id)=(1) already exists.
Traceback (most recent call last):
  File "/home/abel/Desktop/Abel/DATA ENGINEERING PROYECTS/python_etl/etl_project/src/pipelines/incremental_pipeline.py", line 27, in run
    self.loader.load(df)
  File "/home/abel/Desktop/Abel/DATA ENGINEERING PROYECTS/python_etl/etl_project/src/load/postgres_loader.py", line 55, in load
    execute_values(cur, self.insert_sql, values)
  File "/home/abel/Desktop/Abel/DATA ENGINEERING PROYECTS/python_etl/etl_project/env/lib/python3.11/site-packages/psycopg2/extras.py", line 1299, in execute_values
    cur.execute(b''.join(parts))
psycopg2.errors.UniqueViolation: duplicate key value violates unique constraint "dim_products_pkey"
DETAIL:  Key (product_id)=(1) already exists.

2026-03-11 20:59:41,122 - src.pipelines.products_pipeline - ERROR - Pipeline de productos falló
Traceback (most recent call last):
  File "/home/abel/Desktop/Abel/DATA ENGINEERING PROYECTS/python_etl/etl_project/src/pipelines/products_pipeline.py", line 50, in products_pipeline
    processed_df = pipeline.run()
                   ^^^^^^^^^^^^^^
  File "/home/abel/Desktop/Abel/DATA ENGINEERING PROYECTS/python_etl/etl_project/src/pipelines/incremental_pipeline.py", line 27, in run
    self.loader.load(df)
  File "/home/abel/Desktop/Abel/DATA ENGINEERING PROYECTS/python_etl/etl_project/src/load/postgres_loader.py", line 55, in load
    execute_values(cur, self.insert_sql, values)
  File "/home/abel/Desktop/Abel/DATA ENGINEERING PROYECTS/python_etl/etl_project/env/lib/python3.11/site-packages/psycopg2/extras.py", line 1299, in execute_values
    cur.execute(b''.join(parts))
psycopg2.errors.UniqueViolation: duplicate key value violates unique constraint "dim_products_pkey"
DETAIL:  Key (product_id)=(1) already exists.

2026-03-11 21:03:44,702 - src.pipelines.sales_pipeline - INFO - Último checkpoint para sales: 2026-03-11 01:43:54
2026-03-11 21:03:44,707 - src.pipelines.incremental_pipeline - INFO - No se encontraron registros nuevos o modificados.
2026-03-11 21:03:44,707 - src.pipelines.sales_pipeline - INFO - Pipeline de ventas diarias ejecutado exitosamente. No se encontraron nuevos registros para procesar.
2026-03-11 21:03:44,715 - src.pipelines.products_pipeline - INFO - Último checkpoint para products: 1900-01-01 00:00:00
2026-03-11 21:03:44,722 - src.load.postgres_loader - INFO - Insertando 8 registros en dw.dim_products
2026-03-11 21:03:44,732 - src.load.postgres_loader - INFO - Inserción completada correctamente
2026-03-11 21:03:44,743 - src.metadata.metadata_manager - INFO - Checkpoint actualizado para products: 2026-03-11 01:43:54
2026-03-11 21:03:44,743 - src.pipelines.products_pipeline - INFO - Pipeline de productos ejecutado exitosamente. Checkpoint actualizado a 2026-03-11 01:43:54
2026-03-11 21:06:45,816 - src.pipelines.sales_pipeline - INFO - Último checkpoint para sales: 2026-03-11 01:43:54
2026-03-11 21:06:45,820 - src.pipelines.incremental_pipeline - INFO - No se encontraron registros nuevos o modificados.
2026-03-11 21:06:45,820 - src.pipelines.sales_pipeline - INFO - Pipeline de ventas diarias ejecutado exitosamente. No se encontraron nuevos registros para procesar.
2026-03-11 21:06:45,829 - src.pipelines.products_pipeline - INFO - Último checkpoint para products: 2026-03-11 01:43:54
2026-03-11 21:06:45,831 - src.pipelines.incremental_pipeline - INFO - No se encontraron registros nuevos o modificados.
2026-03-11 21:06:45,832 - src.pipelines.products_pipeline - INFO - Pipeline de productos ejecutado exitosamente. No se encontraron nuevos registros para procesar.
2026-03-11 21:07:26,643 - src.pipelines.sales_pipeline - INFO - Último checkpoint para sales: 2026-03-11 01:43:54
2026-03-11 21:07:26,648 - src.pipelines.incremental_pipeline - INFO - No se encontraron registros nuevos o modificados.
2026-03-11 21:07:26,648 - src.pipelines.sales_pipeline - INFO - Pipeline de ventas diarias ejecutado exitosamente. No se encontraron nuevos registros para procesar.
2026-03-11 21:07:26,657 - src.pipelines.products_pipeline - INFO - Último checkpoint para products: 2026-03-11 01:43:54
2026-03-11 21:07:26,660 - src.pipelines.incremental_pipeline - INFO - No se encontraron registros nuevos o modificados.
2026-03-11 21:07:26,660 - src.pipelines.products_pipeline - INFO - Pipeline de productos ejecutado exitosamente. No se encontraron nuevos registros para procesar.
2026-03-11 21:07:55,016 - src.pipelines.sales_pipeline - INFO - Último checkpoint para sales: 2026-03-11 01:43:54
2026-03-11 21:07:55,020 - src.pipelines.incremental_pipeline - INFO - No se encontraron registros nuevos o modificados.
2026-03-11 21:07:55,020 - src.pipelines.sales_pipeline - INFO - Pipeline de ventas diarias ejecutado exitosamente. No se encontraron nuevos registros para procesar.
2026-03-11 21:07:55,029 - src.pipelines.products_pipeline - INFO - Último checkpoint para products: 1900-01-01 00:00:00
2026-03-11 21:07:55,036 - src.load.postgres_loader - INFO - Insertando 8 registros en dw.dim_products
2026-03-11 21:07:55,050 - src.load.postgres_loader - INFO - Inserción completada correctamente
2026-03-11 21:07:55,058 - src.metadata.metadata_manager - INFO - Checkpoint actualizado para products: 2026-03-11 01:43:54
2026-03-11 21:07:55,058 - src.pipelines.products_pipeline - INFO - Pipeline de productos ejecutado exitosamente. Checkpoint actualizado a 2026-03-11 01:43:54
2026-03-11 21:08:14,122 - src.pipelines.sales_pipeline - INFO - Último checkpoint para sales: 2026-03-11 01:43:54
2026-03-11 21:08:14,127 - src.pipelines.incremental_pipeline - INFO - No se encontraron registros nuevos o modificados.
2026-03-11 21:08:14,127 - src.pipelines.sales_pipeline - INFO - Pipeline de ventas diarias ejecutado exitosamente. No se encontraron nuevos registros para procesar.
2026-03-11 21:08:14,136 - src.pipelines.products_pipeline - INFO - Último checkpoint para products: 2026-03-11 01:43:54
2026-03-11 21:08:14,140 - src.pipelines.incremental_pipeline - INFO - No se encontraron registros nuevos o modificados.
2026-03-11 21:08:14,140 - src.pipelines.products_pipeline - INFO - Pipeline de productos ejecutado exitosamente. No se encontraron nuevos registros para procesar.
2026-03-11 21:09:18,848 - src.pipelines.sales_pipeline - INFO - Último checkpoint para sales: 2026-03-11 01:43:54
2026-03-11 21:09:18,853 - src.pipelines.incremental_pipeline - INFO - No se encontraron registros nuevos o modificados.
2026-03-11 21:09:18,853 - src.pipelines.sales_pipeline - INFO - Pipeline de ventas diarias ejecutado exitosamente. No se encontraron nuevos registros para procesar.
2026-03-11 21:09:18,861 - src.pipelines.products_pipeline - INFO - Último checkpoint para products: 2026-03-11 01:43:54
2026-03-11 21:09:18,863 - src.pipelines.incremental_pipeline - INFO - No se encontraron registros nuevos o modificados.
2026-03-11 21:09:18,864 - src.pipelines.products_pipeline - INFO - Pipeline de productos ejecutado exitosamente. No se encontraron nuevos registros para procesar.
2026-03-15 22:20:43,505 - src.pipelines.customers_pipeline - INFO - Último checkpoint para customers: 1900-01-01 00:00:00
2026-03-15 22:20:43,525 - src.load.postgres_loader - INFO - Insertando 6 registros en dw.dim_customers
2026-03-15 22:20:43,538 - src.load.postgres_loader - INFO - Inserción completada correctamente
2026-03-15 22:20:43,548 - src.metadata.metadata_manager - INFO - Checkpoint actualizado para customers: 2026-03-11 01:43:54
2026-03-15 22:20:43,548 - src.pipelines.customers_pipeline - INFO - Pipeline de clientes diarias ejecutado exitosamente. Checkpoint actualizado a 2026-03-11 01:43:54
2026-03-15 22:29:19,437 - src.pipelines.customers_pipeline - INFO - Último checkpoint para customers: 2026-03-11 01:43:54
2026-03-15 22:29:19,440 - src.pipelines.incremental_pipeline - INFO - No se encontraron registros nuevos o modificados.
2026-03-15 22:29:19,440 - src.pipelines.customers_pipeline - INFO - Pipeline de clientes diarias ejecutado exitosamente. No se encontraron nuevos registros para procesar.
2026-03-15 22:50:08,076 - src.pipelines.customers_pipeline - INFO - Último checkpoint para customers: 2026-03-11 01:43:54
2026-03-15 22:50:08,076 - src.extract.mysql_extractor - INFO - Extrayendo incremental de customers desde 2026-03-11 01:43:54
2026-03-15 22:50:08,081 - src.pipelines.incremental_pipeline - INFO - No se encontraron registros nuevos o modificados.
2026-03-15 22:50:08,081 - src.pipelines.customers_pipeline - INFO - Pipeline de clientes diarias ejecutado exitosamente. No se encontraron nuevos registros para procesar.
2026-03-15 22:54:06,766 - src.pipelines.customers_pipeline - INFO - Último checkpoint para customers: 2026-03-11 01:43:54
2026-03-15 22:54:06,766 - src.extract.mysql_extractor - INFO - Extrayendo incremental de customers desde 2026-03-11 01:43:54
2026-03-15 22:54:06,770 - src.pipelines.base_pipeline - INFO - No se encontraron registros nuevos o modificados.
2026-03-15 22:54:06,770 - src.pipelines.customers_pipeline - INFO - Pipeline de clientes diarias ejecutado exitosamente. No se encontraron nuevos registros para procesar.
2026-03-15 22:54:59,992 - src.pipelines.customers_pipeline - INFO - Último checkpoint para customers: 2026-03-11 01:43:54
2026-03-15 22:54:59,992 - src.extract.mysql_extractor - INFO - Extrayendo incremental de customers desde 2026-03-11 01:43:54
2026-03-15 22:54:59,996 - src.pipelines.base_pipeline - INFO - No se encontraron registros nuevos o modificados.
2026-03-15 22:54:59,996 - src.pipelines.customers_pipeline - INFO - Pipeline de clientes diarias ejecutado exitosamente. No se encontraron nuevos registros para procesar.
2026-03-15 22:55:07,040 - src.pipelines.stores_pipeline - INFO - Último checkpoint para sales: 2026-03-11 01:43:54
2026-03-15 22:55:07,040 - src.extract.mysql_extractor - INFO - Extrayendo incremental de sales desde 2026-03-11 01:43:54
2026-03-15 22:55:07,050 - src.pipelines.base_pipeline - INFO - No se encontraron registros nuevos o modificados.
2026-03-15 22:55:07,050 - src.pipelines.stores_pipeline - INFO - Pipeline de ventas diarias ejecutado exitosamente. No se encontraron nuevos registros para procesar.
2026-03-15 22:55:07,058 - src.pipelines.products_pipeline - INFO - Último checkpoint para products: 2026-03-11 01:43:54
2026-03-15 22:55:07,058 - src.extract.mysql_extractor - INFO - Extrayendo incremental de products desde 2026-03-11 01:43:54
2026-03-15 22:55:07,064 - src.pipelines.base_pipeline - INFO - No se encontraron registros nuevos o modificados.
2026-03-15 22:55:07,064 - src.pipelines.products_pipeline - INFO - Pipeline de productos ejecutado exitosamente. No se encontraron nuevos registros para procesar.
2026-03-15 22:55:07,073 - src.pipelines.customers_pipeline - INFO - Último checkpoint para customers: 2026-03-11 01:43:54
2026-03-15 22:55:07,073 - src.extract.mysql_extractor - INFO - Extrayendo incremental de customers desde 2026-03-11 01:43:54
2026-03-15 22:55:07,076 - src.pipelines.base_pipeline - INFO - No se encontraron registros nuevos o modificados.
2026-03-15 22:55:07,076 - src.pipelines.customers_pipeline - INFO - Pipeline de clientes diarias ejecutado exitosamente. No se encontraron nuevos registros para procesar.
2026-03-15 23:05:53,040 - src.pipelines.stores_pipeline - INFO - Último checkpoint para sales: 2026-03-11 01:43:54
2026-03-15 23:05:53,040 - src.extract.mysql_extractor - INFO - Extrayendo incremental de sales desde 2026-03-11 01:43:54
2026-03-15 23:05:53,046 - src.pipelines.base_pipeline - INFO - No se encontraron registros nuevos o modificados.
2026-03-15 23:05:53,046 - src.pipelines.stores_pipeline - INFO - Pipeline de ventas diarias ejecutado exitosamente. No se encontraron nuevos registros para procesar.
2026-03-15 23:05:53,055 - src.pipelines.products_pipeline - INFO - Último checkpoint para products: 2026-03-11 01:43:54
2026-03-15 23:05:53,055 - src.extract.mysql_extractor - INFO - Extrayendo incremental de products desde 2026-03-11 01:43:54
2026-03-15 23:05:53,058 - src.pipelines.base_pipeline - INFO - No se encontraron registros nuevos o modificados.
2026-03-15 23:05:53,058 - src.pipelines.products_pipeline - INFO - Pipeline de productos ejecutado exitosamente. No se encontraron nuevos registros para procesar.
2026-03-15 23:05:53,066 - src.pipelines.customers_pipeline - INFO - Último checkpoint para customers: 2026-03-11 01:43:54
2026-03-15 23:05:53,066 - src.extract.mysql_extractor - INFO - Extrayendo incremental de customers desde 2026-03-11 01:43:54
2026-03-15 23:05:53,069 - src.pipelines.base_pipeline - INFO - No se encontraron registros nuevos o modificados.
2026-03-15 23:05:53,069 - src.pipelines.customers_pipeline - INFO - Pipeline de clientes diarias ejecutado exitosamente. No se encontraron nuevos registros para procesar.
2026-03-15 23:08:12,493 - src.pipelines.stores_pipeline - INFO - Full load para stores
2026-03-15 23:08:12,493 - src.extract.mysql_extractor - INFO - Extrayendo carga completa (Full Load) de stores
2026-03-15 23:08:12,509 - src.load.postgres_loader - INFO - Insertando 4 registros en dw.dim_stores
2026-03-15 23:08:12,518 - src.load.postgres_loader - INFO - Carga Full: Limpiando tabla completa dw.dim_stores
2026-03-15 23:08:12,524 - src.load.postgres_loader - INFO - Insertando 4 registros en dw.dim_stores
2026-03-15 23:08:12,528 - src.load.postgres_loader - INFO - Carga completada correctamente
2026-03-15 23:08:12,528 - src.pipelines.stores_pipeline - INFO - Pipeline de tiendas ejecutado exitosamente.
2026-03-15 23:08:12,537 - src.pipelines.products_pipeline - INFO - Último checkpoint para products: 2026-03-11 01:43:54
2026-03-15 23:08:12,537 - src.extract.mysql_extractor - INFO - Extrayendo incremental de products desde 2026-03-11 01:43:54
2026-03-15 23:08:12,540 - src.pipelines.base_pipeline - INFO - No se encontraron registros nuevos o modificados.
2026-03-15 23:08:12,540 - src.pipelines.products_pipeline - INFO - Pipeline de productos ejecutado exitosamente. No se encontraron nuevos registros para procesar.
2026-03-15 23:08:12,548 - src.pipelines.customers_pipeline - INFO - Último checkpoint para customers: 2026-03-11 01:43:54
2026-03-15 23:08:12,548 - src.extract.mysql_extractor - INFO - Extrayendo incremental de customers desde 2026-03-11 01:43:54
2026-03-15 23:08:12,551 - src.pipelines.base_pipeline - INFO - No se encontraron registros nuevos o modificados.
2026-03-15 23:08:12,551 - src.pipelines.customers_pipeline - INFO - Pipeline de clientes diarias ejecutado exitosamente. No se encontraron nuevos registros para procesar.
2026-03-15 23:10:26,001 - src.pipelines.stores_pipeline - INFO - Full load para stores
2026-03-15 23:10:26,001 - src.extract.mysql_extractor - INFO - Extrayendo carga completa (Full Load) de stores
2026-03-15 23:10:26,009 - src.load.postgres_loader - INFO - Insertando 4 registros en dw.dim_stores
2026-03-15 23:10:26,018 - src.load.postgres_loader - INFO - Carga Full: Limpiando tabla completa dw.dim_stores
2026-03-15 23:10:26,023 - src.load.postgres_loader - INFO - Insertando 4 registros en dw.dim_stores
2026-03-15 23:10:26,026 - src.load.postgres_loader - INFO - Carga completada correctamente
2026-03-15 23:10:26,026 - src.pipelines.stores_pipeline - INFO - Pipeline de tiendas ejecutado exitosamente.
2026-03-15 23:10:31,013 - src.pipelines.stores_pipeline - INFO - Full load para stores
2026-03-15 23:10:31,013 - src.extract.mysql_extractor - INFO - Extrayendo carga completa (Full Load) de stores
2026-03-15 23:10:31,022 - src.load.postgres_loader - INFO - Insertando 4 registros en dw.dim_stores
2026-03-15 23:10:31,031 - src.load.postgres_loader - INFO - Carga Full: Limpiando tabla completa dw.dim_stores
2026-03-15 23:10:31,038 - src.load.postgres_loader - INFO - Insertando 4 registros en dw.dim_stores
2026-03-15 23:10:31,040 - src.load.postgres_loader - INFO - Carga completada correctamente
2026-03-15 23:10:31,040 - src.pipelines.stores_pipeline - INFO - Pipeline de tiendas ejecutado exitosamente.
2026-03-15 23:10:47,774 - src.pipelines.sales_pipeline - INFO - Último checkpoint para sales: 2026-03-11 01:43:54
2026-03-15 23:10:47,774 - src.extract.mysql_extractor - INFO - Extrayendo incremental de sales desde 2026-03-11 01:43:54
2026-03-15 23:10:47,779 - src.pipelines.base_pipeline - INFO - No se encontraron registros nuevos o modificados.
2026-03-15 23:10:47,779 - src.pipelines.sales_pipeline - INFO - Pipeline de ventas diarias ejecutado exitosamente. No se encontraron nuevos registros para procesar.
2026-03-15 23:10:47,787 - src.pipelines.products_pipeline - INFO - Último checkpoint para products: 2026-03-11 01:43:54
2026-03-15 23:10:47,787 - src.extract.mysql_extractor - INFO - Extrayendo incremental de products desde 2026-03-11 01:43:54
2026-03-15 23:10:47,790 - src.pipelines.base_pipeline - INFO - No se encontraron registros nuevos o modificados.
2026-03-15 23:10:47,790 - src.pipelines.products_pipeline - INFO - Pipeline de productos ejecutado exitosamente. No se encontraron nuevos registros para procesar.
2026-03-15 23:10:47,797 - src.pipelines.customers_pipeline - INFO - Último checkpoint para customers: 2026-03-11 01:43:54
2026-03-15 23:10:47,798 - src.extract.mysql_extractor - INFO - Extrayendo incremental de customers desde 2026-03-11 01:43:54
2026-03-15 23:10:47,800 - src.pipelines.base_pipeline - INFO - No se encontraron registros nuevos o modificados.
2026-03-15 23:10:47,800 - src.pipelines.customers_pipeline - INFO - Pipeline de clientes diarias ejecutado exitosamente. No se encontraron nuevos registros para procesar.
2026-03-15 23:10:47,800 - src.pipelines.stores_pipeline - INFO - Full load para stores
2026-03-15 23:10:47,800 - src.extract.mysql_extractor - INFO - Extrayendo carga completa (Full Load) de stores
2026-03-15 23:10:47,805 - src.load.postgres_loader - INFO - Insertando 4 registros en dw.dim_stores
2026-03-15 23:10:47,813 - src.load.postgres_loader - INFO - Carga Full: Limpiando tabla completa dw.dim_stores
2026-03-15 23:10:47,820 - src.load.postgres_loader - INFO - Insertando 4 registros en dw.dim_stores
2026-03-15 23:10:47,822 - src.load.postgres_loader - INFO - Carga completada correctamente
2026-03-15 23:10:47,822 - src.pipelines.stores_pipeline - INFO - Pipeline de tiendas ejecutado exitosamente.
